-------------------------------------------------------------------------------
Test set: gr2310.ourplace.client.RestClientTest
-------------------------------------------------------------------------------
Tests run: 1, Failures: 0, Errors: 1, Skipped: 0, Time elapsed: 1.245 s <<< FAILURE! -- in gr2310.ourplace.client.RestClientTest
gr2310.ourplace.client.RestClientTest -- Time elapsed: 1.245 s <<< ERROR!
com.github.tomakehurst.wiremock.common.FatalStartupException: java.lang.RuntimeException: java.io.IOException: Failed to bind to /0.0.0.0:8080
	at com.github.tomakehurst.wiremock.WireMockServer.start(WireMockServer.java:160)
	at gr2310.ourplace.client/gr2310.ourplace.client.RestClientTest.setUp(RestClientTest.java:27)
	at java.base/java.lang.reflect.Method.invoke(Method.java:580)
	at java.base/java.util.ArrayList.forEach(ArrayList.java:1596)
	Suppressed: java.util.concurrent.ExecutionException: java.lang.IllegalStateException: STOPPED
		at java.base/java.util.concurrent.CompletableFuture.reportGet(CompletableFuture.java:396)
		at java.base/java.util.concurrent.CompletableFuture.get(CompletableFuture.java:2096)
		at org.eclipse.jetty.server.Server.doStop(Server.java:490)
		at org.eclipse.jetty.util.component.AbstractLifeCycle.stop(AbstractLifeCycle.java:132)
		at com.github.tomakehurst.wiremock.jetty.JettyHttpServer.stop(JettyHttpServer.java:228)
		at com.github.tomakehurst.wiremock.WireMockServer.stop(WireMockServer.java:151)
		at gr2310.ourplace.client/gr2310.ourplace.client.RestClientTest.stopWireMockServer(RestClientTest.java:33)
		at java.base/java.lang.reflect.Method.invoke(Method.java:580)
		at java.base/java.util.ArrayList.forEach(ArrayList.java:1596)
		at java.base/java.util.Collections$UnmodifiableCollection.forEach(Collections.java:1116)
		... 1 more
	Caused by: java.lang.IllegalStateException: STOPPED
		at org.eclipse.jetty.server.handler.ContextHandler.shutdown(ContextHandler.java:774)
		at java.base/java.util.stream.ReferencePipeline$3$1.accept(ReferencePipeline.java:197)
		at java.base/java.util.ArrayList$ArrayListSpliterator.forEachRemaining(ArrayList.java:1708)
		at java.base/java.util.stream.AbstractPipeline.copyInto(AbstractPipeline.java:509)
		at java.base/java.util.stream.AbstractPipeline.wrapAndCopyInto(AbstractPipeline.java:499)
		at java.base/java.util.stream.AbstractPipeline.evaluate(AbstractPipeline.java:575)
		at java.base/java.util.stream.AbstractPipeline.evaluateToArrayNode(AbstractPipeline.java:260)
		at java.base/java.util.stream.ReferencePipeline.toArray(ReferencePipeline.java:616)
		at org.eclipse.jetty.util.component.Graceful.shutdown(Graceful.java:146)
		... 9 more
Caused by: java.lang.RuntimeException: java.io.IOException: Failed to bind to /0.0.0.0:8080
	at com.github.tomakehurst.wiremock.jetty.JettyHttpServer.start(JettyHttpServer.java:198)
	at com.github.tomakehurst.wiremock.WireMockServer.start(WireMockServer.java:158)
	... 3 more
Caused by: java.io.IOException: Failed to bind to /0.0.0.0:8080
	at org.eclipse.jetty.server.ServerConnector.openAcceptChannel(ServerConnector.java:344)
	at org.eclipse.jetty.server.ServerConnector.open(ServerConnector.java:304)
	at org.eclipse.jetty.server.Server.lambda$doStart$0(Server.java:402)
	at java.base/java.util.stream.ForEachOps$ForEachOp$OfRef.accept(ForEachOps.java:184)
	at java.base/java.util.stream.ReferencePipeline$3$1.accept(ReferencePipeline.java:197)
	at java.base/java.util.stream.ReferencePipeline$2$1.accept(ReferencePipeline.java:179)
	at java.base/java.util.Spliterators$ArraySpliterator.forEachRemaining(Spliterators.java:1024)
	at java.base/java.util.stream.AbstractPipeline.copyInto(AbstractPipeline.java:509)
	at java.base/java.util.stream.AbstractPipeline.wrapAndCopyInto(AbstractPipeline.java:499)
	at java.base/java.util.stream.ForEachOps$ForEachOp.evaluateSequential(ForEachOps.java:151)
	at java.base/java.util.stream.ForEachOps$ForEachOp$OfRef.evaluateSequential(ForEachOps.java:174)
	at java.base/java.util.stream.AbstractPipeline.evaluate(AbstractPipeline.java:234)
	at java.base/java.util.stream.ReferencePipeline.forEach(ReferencePipeline.java:596)
	at org.eclipse.jetty.server.Server.doStart(Server.java:398)
	at org.eclipse.jetty.util.component.AbstractLifeCycle.start(AbstractLifeCycle.java:93)
	at com.github.tomakehurst.wiremock.jetty.JettyHttpServer.start(JettyHttpServer.java:196)
	... 4 more
Caused by: java.net.BindException: Address already in use
	at java.base/sun.nio.ch.Net.bind0(Native Method)
	at java.base/sun.nio.ch.Net.bind(Net.java:565)
	at java.base/sun.nio.ch.ServerSocketChannelImpl.netBind(ServerSocketChannelImpl.java:344)
	at java.base/sun.nio.ch.ServerSocketChannelImpl.bind(ServerSocketChannelImpl.java:301)
	at org.eclipse.jetty.server.ServerConnector.openAcceptChannel(ServerConnector.java:339)
	... 19 more

